<?xml version="1.0" encoding="UTF-8"?>
<!-- Generated by org.testng.reporters.JUnitReportReporter -->
<testsuite hostname="DESKTOP-0MGR9KI" failures="0" tests="9" name="com.nexsoft.test.login.UserLoginTest" time="18.308" errors="0" timestamp="2022-06-17T15:46:31 ICT" skipped="1">
  <testcase classname="com.nexsoft.test.login.UserLoginTest" name="test_btnSignIn_gotoSignInPage" time="1.331"/>
  <system-out>
    <![CDATA[<img src='file://D:\selenium-workspace\Week4_Final\hasilScreenshot\20220617_154614.png'height="450" width="1017"/>]]>
  </system-out>
  <testcase classname="com.nexsoft.test.login.UserLoginTest" name="test_signInSuccess_gotoMainPage" time="3.048"/>
  <system-out>
    <![CDATA[<img src='file://D:\selenium-workspace\Week4_Final\hasilScreenshot\20220617_154616.png'height="450" width="1017"/>]]>
  </system-out>
  <testcase classname="com.nexsoft.test.login.UserLoginTest" name="test_signInFail_usernameValid_passwordNotValid" time="1.764"/>
  <system-out>
    <![CDATA[<img src='file://D:\selenium-workspace\Week4_Final\hasilScreenshot\20220617_154619.png'height="450" width="1017"/>]]>
  </system-out>
  <testcase classname="com.nexsoft.test.login.UserLoginTest" name="test_signInFail_usernameNotValid_passwordNotValid" time="1.879"/>
  <system-out>
    <![CDATA[<img src='file://D:\selenium-workspace\Week4_Final\hasilScreenshot\20220617_154621.png'height="450" width="1017"/>]]>
  </system-out>
  <testcase classname="com.nexsoft.test.login.UserLoginTest" name="test_signInFail_emptyUsernamePassword" time="1.804"/>
  <system-out>
    <![CDATA[<img src='file://D:\selenium-workspace\Week4_Final\hasilScreenshot\20220617_154623.png'height="450" width="1017"/>]]>
  </system-out>
  <testcase classname="com.nexsoft.test.login.UserLoginTest" name="test_btnSignUp_gotoSignUpPage" time="1.629"/>
  <system-out>
    <![CDATA[<img src='file://D:\selenium-workspace\Week4_Final\hasilScreenshot\20220617_154624.png'height="450" width="1017"/>]]>
  </system-out>
  <testcase classname="com.nexsoft.test.login.UserLoginTest" name="test_signUp_createNewAccount" time="3.940"/>
  <system-out>
    <![CDATA[<img src='file://D:\selenium-workspace\Week4_Final\hasilScreenshot\20220617_154628.png'height="450" width="1017"/>]]>
  </system-out>
  <testcase classname="com.nexsoft.test.login.UserLoginTest" name="test_signUp_usingNewAccount" time="2.913"/>
  <system-out>
    <![CDATA[<img src='file://D:\selenium-workspace\Week4_Final\hasilScreenshot\20220617_154630.png'height="450" width="1017"/>]]>
  </system-out>
  <testcase classname="com.nexsoft.test.login.UserLoginTest" name="test_signUp_checkAllComponent">
    <skipped/>
  </testcase> <!-- test_signUp_checkAllComponent -->
  <system-out/>
</testsuite> <!-- com.nexsoft.test.login.UserLoginTest -->
