<?xml version="1.0" encoding="UTF-8"?>
<!-- Generated by org.testng.reporters.JUnitReportReporter -->
<testsuite hostname="DESKTOP-0MGR9KI" failures="0" tests="1" name="com.nexsoft.test.login.UserSignUpTest" time="6.452" errors="0" timestamp="2022-06-17T14:26:19 ICT" skipped="0">
  <testcase classname="com.nexsoft.test.login.UserSignUpTest" name="test_signUp_createNewAccount" time="6.452"/>
  <system-out>
    <![CDATA[<img src='file://D:\selenium-workspace\Week4_Final\hasilScreenshot\20220617_142617.png'height="450" width="1017"/>]]>
  </system-out>
</testsuite> <!-- com.nexsoft.test.login.UserSignUpTest -->
