<?xml version="1.0" encoding="UTF-8"?>
<!-- Generated by org.testng.reporters.JUnitReportReporter -->
<testsuite hostname="DESKTOP-0MGR9KI" failures="0" tests="6" name="com.nexsoft.test.login.UserLoginTest" time="11.478" errors="0" timestamp="2022-06-17T11:25:22 ICT" skipped="0">
  <testcase classname="com.nexsoft.test.login.UserLoginTest" name="test_btnSignIn_gotoSignInPage" time="1.344"/>
  <system-out>
    <![CDATA[<img src='file://D:\selenium-workspace\Week4_Final\hasilScreenshot\20220617_112511.png'height="450" width="1017"/>]]>
  </system-out>
  <testcase classname="com.nexsoft.test.login.UserLoginTest" name="test_signInSuccess_gotoMainPage" time="3.149"/>
  <system-out>
    <![CDATA[<img src='file://D:\selenium-workspace\Week4_Final\hasilScreenshot\20220617_112513.png'height="450" width="1017"/>]]>
  </system-out>
  <testcase classname="com.nexsoft.test.login.UserLoginTest" name="test_signInFail_usernameValid_passwordNotValid" time="1.850"/>
  <system-out>
    <![CDATA[<img src='file://D:\selenium-workspace\Week4_Final\hasilScreenshot\20220617_112516.png'height="450" width="1017"/>]]>
  </system-out>
  <testcase classname="com.nexsoft.test.login.UserLoginTest" name="test_signInFail_usernameNotValid_passwordNotValid" time="1.766"/>
  <system-out>
    <![CDATA[<img src='file://D:\selenium-workspace\Week4_Final\hasilScreenshot\20220617_112518.png'height="450" width="1017"/>]]>
  </system-out>
  <testcase classname="com.nexsoft.test.login.UserLoginTest" name="test_signInFail_emptyUsernamePassword" time="1.739"/>
  <system-out>
    <![CDATA[<img src='file://D:\selenium-workspace\Week4_Final\hasilScreenshot\20220617_112520.png'height="450" width="1017"/>]]>
  </system-out>
  <testcase classname="com.nexsoft.test.login.UserLoginTest" name="test_signUp_newUser" time="1.630"/>
  <system-out>
    <![CDATA[<img src='file://D:\selenium-workspace\Week4_Final\hasilScreenshot\20220617_112521.png'height="450" width="1017"/>]]>
  </system-out>
</testsuite> <!-- com.nexsoft.test.login.UserLoginTest -->
