<?xml version="1.0" encoding="UTF-8"?>
<!-- Generated by org.testng.reporters.JUnitReportReporter -->
<testsuite hostname="DESKTOP-0MGR9KI" failures="0" tests="6" name="com.nexsoft.test.login.UserLoginTest" time="13.518" errors="0" timestamp="2022-06-17T14:06:59 ICT" skipped="0">
  <testcase classname="com.nexsoft.test.login.UserLoginTest" name="test_btnSignIn_gotoSignInPage" time="1.467"/>
  <system-out>
    <![CDATA[<img src='file://D:\selenium-workspace\Week4_Final\hasilScreenshot\20220617_140643.png'height="450" width="1017"/>]]>
  </system-out>
  <testcase classname="com.nexsoft.test.login.UserLoginTest" name="test_signInSuccess_gotoMainPage" time="3.604"/>
  <system-out>
    <![CDATA[<img src='file://D:\selenium-workspace\Week4_Final\hasilScreenshot\20220617_140646.png'height="450" width="1017"/>]]>
  </system-out>
  <testcase classname="com.nexsoft.test.login.UserLoginTest" name="test_signInFail_usernameValid_passwordNotValid" time="2.891"/>
  <system-out>
    <![CDATA[<img src='file://D:\selenium-workspace\Week4_Final\hasilScreenshot\20220617_140650.png'height="450" width="1017"/>]]>
  </system-out>
  <testcase classname="com.nexsoft.test.login.UserLoginTest" name="test_signInFail_usernameNotValid_passwordNotValid" time="1.946"/>
  <system-out>
    <![CDATA[<img src='file://D:\selenium-workspace\Week4_Final\hasilScreenshot\20220617_140652.png'height="450" width="1017"/>]]>
  </system-out>
  <testcase classname="com.nexsoft.test.login.UserLoginTest" name="test_signInFail_emptyUsernamePassword" time="1.842"/>
  <system-out>
    <![CDATA[<img src='file://D:\selenium-workspace\Week4_Final\hasilScreenshot\20220617_140654.png'height="450" width="1017"/>]]>
  </system-out>
  <testcase classname="com.nexsoft.test.login.UserLoginTest" name="test_btnSignUp_gotoSignUpPage" time="1.768"/>
  <system-out>
    <![CDATA[<img src='file://D:\selenium-workspace\Week4_Final\hasilScreenshot\20220617_140655.png'height="450" width="1017"/>]]>
  </system-out>
</testsuite> <!-- com.nexsoft.test.login.UserLoginTest -->
