<?xml version="1.0" encoding="UTF-8"?>
<!-- Generated by org.testng.reporters.JUnitReportReporter -->
<testsuite hostname="DESKTOP-0MGR9KI" failures="0" tests="6" name="com.nexsoft.test.login.UserLoginTest" time="13.302" errors="0" timestamp="2022-06-17T14:34:07 ICT" skipped="0">
  <testcase classname="com.nexsoft.test.login.UserLoginTest" name="test_btnSignIn_gotoSignInPage" time="1.530"/>
  <system-out>
    <![CDATA[<img src='file://D:\selenium-workspace\Week4_Final\hasilScreenshot\20220617_143348.png'height="450" width="1017"/>]]>
  </system-out>
  <testcase classname="com.nexsoft.test.login.UserLoginTest" name="test_signInSuccess_gotoMainPage" time="3.786"/>
  <system-out>
    <![CDATA[<img src='file://D:\selenium-workspace\Week4_Final\hasilScreenshot\20220617_143351.png'height="450" width="1017"/>]]>
  </system-out>
  <testcase classname="com.nexsoft.test.login.UserLoginTest" name="test_signInFail_usernameValid_passwordNotValid" time="2.038"/>
  <system-out>
    <![CDATA[<img src='file://D:\selenium-workspace\Week4_Final\hasilScreenshot\20220617_143354.png'height="450" width="1017"/>]]>
  </system-out>
  <testcase classname="com.nexsoft.test.login.UserLoginTest" name="test_signInFail_usernameNotValid_passwordNotValid" time="2.168"/>
  <system-out>
    <![CDATA[<img src='file://D:\selenium-workspace\Week4_Final\hasilScreenshot\20220617_143356.png'height="450" width="1017"/>]]>
  </system-out>
  <testcase classname="com.nexsoft.test.login.UserLoginTest" name="test_signInFail_emptyUsernamePassword" time="1.939"/>
  <system-out>
    <![CDATA[<img src='file://D:\selenium-workspace\Week4_Final\hasilScreenshot\20220617_143358.png'height="450" width="1017"/>]]>
  </system-out>
  <testcase classname="com.nexsoft.test.login.UserLoginTest" name="test_btnSignUp_gotoSignUpPage" time="1.841"/>
  <system-out>
    <![CDATA[<img src='file://D:\selenium-workspace\Week4_Final\hasilScreenshot\20220617_143400.png'height="450" width="1017"/>]]>
  </system-out>
</testsuite> <!-- com.nexsoft.test.login.UserLoginTest -->
